<?xml version="1.0" encoding="UTF-8"?>
<testng-results ignored="0" total="1" passed="1" failed="0" skipped="0">
  <reporter-output>
  </reporter-output>
  <suite started-at="2024-12-17T21:20:53 IST" name="Surefire suite" finished-at="2024-12-17T21:21:00 IST" duration-ms="6989">
    <groups>
    </groups>
    <test started-at="2024-12-17T21:20:53 IST" name="Surefire test" finished-at="2024-12-17T21:21:00 IST" duration-ms="6989">
      <class name="automatedbrowsermgmt.webdrivermanager.AutomatedBrowserManagementTest">
        <test-method signature="Automated_Management_of_Browser_Driver()[pri:0, instance:automatedbrowsermgmt.webdrivermanager.AutomatedBrowserManagementTest@3cfdd820]" started-at="2024-12-17T21:20:53 IST" name="Automated_Management_of_Browser_Driver" finished-at="2024-12-17T21:21:00 IST" duration-ms="6925" status="PASS">
          <reporter-output>
          </reporter-output>
        </test-method> <!-- Automated_Management_of_Browser_Driver -->
      </class> <!-- automatedbrowsermgmt.webdrivermanager.AutomatedBrowserManagementTest -->
    </test> <!-- Surefire test -->
  </suite> <!-- Surefire suite -->
</testng-results>
